Looking for git in: git
Using git 2.19.2 from git
> git rev-parse --show-toplevel
> git config --get commit.template
Open repository: /root/Documents/datekata
> git status -z -u
> git check-ignore -z --stdin
> git symbolic-ref --short HEAD
> git rev-parse chats
> git rev-parse --symbolic-full-name chats@{u}
fatal: no upstream configured for branch 'chats'
> git for-each-ref --format %(refname) %(objectname) --sort -committerdate
> git remote --verbose
> git status -z -u
> git symbolic-ref --short HEAD
> git rev-parse chats
> git rev-parse --symbolic-full-name chats@{u}
fatal: no upstream configured for branch 'chats'
> git for-each-ref --format %(refname) %(objectname) --sort -committerdate
> git remote --verbose
> git status -z -u
> git symbolic-ref --short HEAD
> git rev-parse chats
> git rev-parse --symbolic-full-name chats@{u}
fatal: no upstream configured for branch 'chats'
> git for-each-ref --format %(refname) %(objectname) --sort -committerdate
> git remote --verbose
> git status -z -u
> git symbolic-ref --short HEAD
> git rev-parse chats
> git rev-parse --symbolic-full-name chats@{u}
fatal: no upstream configured for branch 'chats'
> git for-each-ref --format %(refname) %(objectname) --sort -committerdate
> git remote --verbose
> git status -z -u
> git symbolic-ref --short HEAD
> git rev-parse chats
> git rev-parse --symbolic-full-name chats@{u}
fatal: no upstream configured for branch 'chats'
> git for-each-ref --format %(refname) %(objectname) --sort -committerdate
> git remote --verbose
> git status -z -u
> git symbolic-ref --short HEAD
> git rev-parse chats
> git rev-parse --symbolic-full-name chats@{u}
fatal: no upstream configured for branch 'chats'
> git for-each-ref --format %(refname) %(objectname) --sort -committerdate
> git remote --verbose
> git status -z -u
> git symbolic-ref --short HEAD
> git rev-parse chats
> git rev-parse --symbolic-full-name chats@{u}
fatal: no upstream configured for branch 'chats'
> git for-each-ref --format %(refname) %(objectname) --sort -committerdate
> git remote --verbose
> git status -z -u
> git symbolic-ref --short HEAD
> git rev-parse chats
> git rev-parse --symbolic-full-name chats@{u}
fatal: no upstream configured for branch 'chats'
> git for-each-ref --format %(refname) %(objectname) --sort -committerdate
> git remote --verbose
> git status -z -u
> git symbolic-ref --short HEAD
> git rev-parse chats
> git rev-parse --symbolic-full-name chats@{u}
fatal: no upstream configured for branch 'chats'
> git for-each-ref --format %(refname) %(objectname) --sort -committerdate
> git remote --verbose
> git status -z -u
> git symbolic-ref --short HEAD
> git rev-parse chats
> git rev-parse --symbolic-full-name chats@{u}
fatal: no upstream configured for branch 'chats'
> git for-each-ref --format %(refname) %(objectname) --sort -committerdate
> git remote --verbose
> git status -z -u
> git symbolic-ref --short HEAD
> git rev-parse chats
> git rev-parse --symbolic-full-name chats@{u}
fatal: no upstream configured for branch 'chats'
> git for-each-ref --format %(refname) %(objectname) --sort -committerdate
> git remote --verbose
> git status -z -u
> git symbolic-ref --short HEAD
> git rev-parse chats
> git rev-parse --symbolic-full-name chats@{u}
fatal: no upstream configured for branch 'chats'
> git for-each-ref --format %(refname) %(objectname) --sort -committerdate
> git remote --verbose
> git status -z -u
> git symbolic-ref --short HEAD
> git rev-parse chats
> git rev-parse --symbolic-full-name chats@{u}
fatal: no upstream configured for branch 'chats'
> git for-each-ref --format %(refname) %(objectname) --sort -committerdate
> git remote --verbose
> git status -z -u
> git symbolic-ref --short HEAD
> git rev-parse chats
> git rev-parse --symbolic-full-name chats@{u}
fatal: no upstream configured for branch 'chats'
> git for-each-ref --format %(refname) %(objectname) --sort -committerdate
> git remote --verbose
> git status -z -u
> git symbolic-ref --short HEAD
> git rev-parse chats
> git rev-parse --symbolic-full-name chats@{u}
fatal: no upstream configured for branch 'chats'
> git for-each-ref --format %(refname) %(objectname) --sort -committerdate
> git remote --verbose
> git status -z -u
> git symbolic-ref --short HEAD
> git rev-parse chats
> git rev-parse --symbolic-full-name chats@{u}
fatal: no upstream configured for branch 'chats'
> git for-each-ref --format %(refname) %(objectname) --sort -committerdate
> git remote --verbose
> git status -z -u
> git symbolic-ref --short HEAD
> git rev-parse chats
> git rev-parse --symbolic-full-name chats@{u}
fatal: no upstream configured for branch 'chats'
> git for-each-ref --format %(refname) %(objectname) --sort -committerdate
> git remote --verbose
> git status -z -u
> git symbolic-ref --short HEAD
> git rev-parse chats
> git rev-parse --symbolic-full-name chats@{u}
fatal: no upstream configured for branch 'chats'
> git for-each-ref --format %(refname) %(objectname) --sort -committerdate
> git remote --verbose
> git status -z -u
> git symbolic-ref --short HEAD
> git rev-parse chats
> git rev-parse --symbolic-full-name chats@{u}
fatal: no upstream configured for branch 'chats'
> git for-each-ref --format %(refname) %(objectname) --sort -committerdate
> git remote --verbose
> git status -z -u
> git symbolic-ref --short HEAD
> git rev-parse chats
> git rev-parse --symbolic-full-name chats@{u}
fatal: no upstream configured for branch 'chats'
> git for-each-ref --format %(refname) %(objectname) --sort -committerdate
> git remote --verbose
> git status -z -u
> git symbolic-ref --short HEAD
> git rev-parse chats
> git rev-parse --symbolic-full-name chats@{u}
fatal: no upstream configured for branch 'chats'
> git for-each-ref --format %(refname) %(objectname) --sort -committerdate
> git remote --verbose
> git status -z -u
> git symbolic-ref --short HEAD
> git rev-parse chats
> git rev-parse --symbolic-full-name chats@{u}
fatal: no upstream configured for branch 'chats'
> git for-each-ref --format %(refname) %(objectname) --sort -committerdate
> git remote --verbose
> git status -z -u
> git symbolic-ref --short HEAD
> git rev-parse chats
> git rev-parse --symbolic-full-name chats@{u}
fatal: no upstream configured for branch 'chats'
> git for-each-ref --format %(refname) %(objectname) --sort -committerdate
> git remote --verbose
> git status -z -u
> git symbolic-ref --short HEAD
> git rev-parse chats
> git rev-parse --symbolic-full-name chats@{u}
fatal: no upstream configured for branch 'chats'
> git for-each-ref --format %(refname) %(objectname) --sort -committerdate
> git remote --verbose
> git status -z -u
> git symbolic-ref --short HEAD
> git rev-parse chats
> git rev-parse --symbolic-full-name chats@{u}
fatal: no upstream configured for branch 'chats'
> git for-each-ref --format %(refname) %(objectname) --sort -committerdate
> git remote --verbose
> git status -z -u
> git symbolic-ref --short HEAD
> git rev-parse chats
> git rev-parse --symbolic-full-name chats@{u}
fatal: no upstream configured for branch 'chats'
> git for-each-ref --format %(refname) %(objectname) --sort -committerdate
> git remote --verbose
> git status -z -u
> git symbolic-ref --short HEAD
> git rev-parse chats
> git rev-parse --symbolic-full-name chats@{u}
fatal: no upstream configured for branch 'chats'
> git for-each-ref --format %(refname) %(objectname) --sort -committerdate
> git remote --verbose
> git status -z -u
> git symbolic-ref --short HEAD
> git rev-parse chats
> git rev-parse --symbolic-full-name chats@{u}
fatal: no upstream configured for branch 'chats'
> git for-each-ref --format %(refname) %(objectname) --sort -committerdate
> git remote --verbose
> git status -z -u
> git symbolic-ref --short HEAD
> git rev-parse chats
> git rev-parse --symbolic-full-name chats@{u}
fatal: no upstream configured for branch 'chats'
> git for-each-ref --format %(refname) %(objectname) --sort -committerdate
> git remote --verbose
> git show :start.sh
> git status -z -u
> git symbolic-ref --short HEAD
> git rev-parse chats
> git rev-parse --symbolic-full-name chats@{u}
fatal: no upstream configured for branch 'chats'
> git for-each-ref --format %(refname) %(objectname) --sort -committerdate
> git remote --verbose
> git status -z -u
> git symbolic-ref --short HEAD
> git rev-parse chats
> git rev-parse --symbolic-full-name chats@{u}
fatal: no upstream configured for branch 'chats'
> git for-each-ref --format %(refname) %(objectname) --sort -committerdate
> git remote --verbose
> git status -z -u
> git symbolic-ref --short HEAD
> git rev-parse chats
> git rev-parse --symbolic-full-name chats@{u}
fatal: no upstream configured for branch 'chats'
> git for-each-ref --format %(refname) %(objectname) --sort -committerdate
> git remote --verbose
> git show :start.sh
> git status -z -u
> git symbolic-ref --short HEAD
> git rev-parse chats
> git rev-parse --symbolic-full-name chats@{u}
fatal: no upstream configured for branch 'chats'
> git for-each-ref --format %(refname) %(objectname) --sort -committerdate
> git remote --verbose
